<?xml version="1.0" encoding="UTF-8"?>
<!-- Generated by org.testng.reporters.JUnitReportReporter -->
<testsuite hostname="DESKTOP-S0Q0HVJ" failures="0" tests="1" name="com.testcases.ShiftTestCase" time="78.535" errors="0" timestamp="2023-11-29T11:36:29 IST" skipped="0">
  <testcase classname="com.testcases.ShiftTestCase" name="ShiftValidation" time="78.535"/>
</testsuite> <!-- com.testcases.ShiftTestCase -->
