<?xml version="1.0" encoding="UTF-8"?>
<!-- Generated by org.testng.reporters.JUnitReportReporter -->
<testsuite hostname="DESKTOP-S0Q0HVJ" failures="0" tests="1" name="com.testcases.ConditionTestCase" time="51.343" errors="0" timestamp="2023-11-29T11:16:54 IST" skipped="0">
  <testcase classname="com.testcases.ConditionTestCase" name="ConditionValidation" time="51.343"/>
</testsuite> <!-- com.testcases.ConditionTestCase -->
