<?xml version="1.0" encoding="UTF-8"?>
<!-- Generated by org.testng.reporters.JUnitReportReporter -->
<testsuite hostname="DESKTOP-4GEPEOH" failures="0" tests="1" name="com.testcases.CustomerTestCases" time="47.515" errors="0" timestamp="2023-11-20T17:28:11 IST" skipped="0">
  <testcase classname="com.testcases.CustomerTestCases" name="CustomerValidation" time="47.515"/>
</testsuite> <!-- com.testcases.CustomerTestCases -->
