<?xml version="1.0" encoding="UTF-8"?>
<!-- Generated by org.testng.reporters.JUnitReportReporter -->
<testsuite hostname="DESKTOP-S0Q0HVJ" failures="0" tests="1" name="com.testcases.ValidLoginTestCases" time="55.712" errors="0" timestamp="2023-11-27T10:01:13 IST" skipped="0">
  <testcase classname="com.testcases.ValidLoginTestCases" name="verifylogin" time="55.712"/>
</testsuite> <!-- com.testcases.ValidLoginTestCases -->
