<?xml version="1.0" encoding="UTF-8"?>
<!-- Generated by org.testng.reporters.JUnitReportReporter -->
<testsuite hostname="DESKTOP-S0Q0HVJ" failures="0" tests="1" name="com.testcases.LocationTestCase" time="69.551" errors="0" timestamp="2023-11-29T06:59:15 IST" skipped="0">
  <testcase classname="com.testcases.LocationTestCase" name="LoactionValidation" time="69.551"/>
</testsuite> <!-- com.testcases.LocationTestCase -->
