<?xml version="1.0" encoding="UTF-8"?>
<!-- Generated by org.testng.reporters.JUnitReportReporter -->
<testsuite hostname="DESKTOP-4GEPEOH" failures="0" tests="1" name="com.testcases.UserTypeTestCase" time="33.610" errors="0" timestamp="2023-11-20T15:59:59 IST" skipped="0">
  <testcase classname="com.testcases.UserTypeTestCase" name="VerifyUserType" time="33.610"/>
</testsuite> <!-- com.testcases.UserTypeTestCase -->
