<?xml version="1.0" encoding="UTF-8"?>
<!-- Generated by org.testng.reporters.JUnitReportReporter -->
<testsuite hostname="DESKTOP-S0Q0HVJ" failures="0" tests="1" name="com.testcases.MoveStockTestCases" time="92.954" errors="0" timestamp="2023-11-27T10:08:38 IST" skipped="0">
  <testcase classname="com.testcases.MoveStockTestCases" name="StockMovevadlidation" time="92.954"/>
</testsuite> <!-- com.testcases.MoveStockTestCases -->
