<?xml version="1.0" encoding="UTF-8"?>
<!-- Generated by org.testng.reporters.JUnitReportReporter -->
<testsuite hostname="DESKTOP-S0Q0HVJ" failures="0" tests="1" name="com.testcases.CompanyTestCase" time="53.333" errors="0" timestamp="2023-11-29T12:26:20 IST" skipped="0">
  <testcase classname="com.testcases.CompanyTestCase" name="CompanyValidation" time="53.333"/>
</testsuite> <!-- com.testcases.CompanyTestCase -->
