<?xml version="1.0" encoding="UTF-8"?>
<!-- Generated by org.testng.reporters.JUnitReportReporter -->
<testsuite hostname="DESKTOP-4GEPEOH" failures="0" tests="1" name="com.testcases.StockMovetestCases" time="11.497" errors="0" timestamp="2023-11-11T20:44:27 IST" skipped="0">
  <testcase classname="com.testcases.StockMovetestCases" name="MoveStockValidation" time="11.497"/>
</testsuite> <!-- com.testcases.StockMovetestCases -->
