<?xml version="1.0" encoding="UTF-8"?>
<!-- Generated by org.testng.reporters.JUnitReportReporter -->
<testsuite hostname="DESKTOP-4GEPEOH" failures="0" tests="1" name="com.testcases.ProductAddTestCases" time="40.610" errors="0" timestamp="2023-11-16T17:13:57 IST" skipped="0">
  <testcase classname="com.testcases.ProductAddTestCases" name="ProductAddValidation" time="40.610"/>
</testsuite> <!-- com.testcases.ProductAddTestCases -->
