<?xml version="1.0" encoding="UTF-8"?>
<!-- Generated by org.testng.reporters.JUnitReportReporter -->
<testsuite hostname="DESKTOP-4GEPEOH" failures="0" tests="1" name="com.testcases.LogoutTestCase" time="9.135" errors="0" timestamp="2023-11-22T02:35:18 IST" skipped="0">
  <testcase classname="com.testcases.LogoutTestCase" name="LogoutValidation" time="9.135"/>
</testsuite> <!-- com.testcases.LogoutTestCase -->
